This file contains any messages produced by compilers while
running configure, to aid debugging if configure makes a mistake.

It was created by pinentry configure 0.9.7, which was
generated by GNU Autoconf 2.69.  Invocation command line was

  $ ./configure --prefix=/usr

## --------- ##
## Platform. ##
## --------- ##

hostname = ubuntu
uname -m = x86_64
uname -r = 3.13.0-32-generic
uname -s = Linux
uname -v = #57-Ubuntu SMP Tue Jul 15 03:51:08 UTC 2014

/usr/bin/uname -p = unknown
/bin/uname -X     = unknown

/bin/arch              = unknown
/usr/bin/arch -k       = unknown
/usr/convex/getsysinfo = unknown
/usr/bin/hostinfo      = unknown
/bin/machine           = unknown
/usr/bin/oslevel       = unknown
/bin/universe          = unknown

PATH: /usr/local/sbin
PATH: /usr/local/bin
PATH: /usr/sbin
PATH: /usr/bin
PATH: /sbin
PATH: /bin
PATH: /usr/games
PATH: /usr/local/games


## ----------- ##
## Core tests. ##
## ----------- ##

configure:2447: checking for a BSD-compatible install
configure:2515: result: /usr/bin/install -c
configure:2526: checking whether build environment is sane
configure:2581: result: yes
configure:2732: checking for a thread-safe mkdir -p
configure:2771: result: /bin/mkdir -p
configure:2778: checking for gawk
configure:2808: result: no
configure:2778: checking for mawk
configure:2794: found /usr/bin/mawk
configure:2805: result: mawk
configure:2816: checking whether make sets $(MAKE)
configure:2838: result: yes
configure:2867: checking whether make supports nested variables
configure:2884: result: yes
configure:3023: checking for style of include used by make
configure:3051: result: GNU
configure:3122: checking for gcc
configure:3138: found /usr/bin/gcc
configure:3149: result: gcc
configure:3378: checking for C compiler version
configure:3387: gcc --version >&5
gcc (Ubuntu 4.8.4-2ubuntu1~14.04.3) 4.8.4
Copyright (C) 2013 Free Software Foundation, Inc.
This is free software; see the source for copying conditions.  There is NO
warranty; not even for MERCHANTABILITY or FITNESS FOR A PARTICULAR PURPOSE.

configure:3398: $? = 0
configure:3387: gcc -v >&5
Using built-in specs.
COLLECT_GCC=gcc
COLLECT_LTO_WRAPPER=/usr/lib/gcc/x86_64-linux-gnu/4.8/lto-wrapper
Target: x86_64-linux-gnu
Configured with: ../src/configure -v --with-pkgversion='Ubuntu 4.8.4-2ubuntu1~14.04.3' --with-bugurl=file:///usr/share/doc/gcc-4.8/README.Bugs --enable-languages=c,c++,java,go,d,fortran,objc,obj-c++ --prefix=/usr --program-suffix=-4.8 --enable-shared --enable-linker-build-id --libexecdir=/usr/lib --without-included-gettext --enable-threads=posix --with-gxx-include-dir=/usr/include/c++/4.8 --libdir=/usr/lib --enable-nls --with-sysroot=/ --enable-clocale=gnu --enable-libstdcxx-debug --enable-libstdcxx-time=yes --enable-gnu-unique-object --disable-libmudflap --enable-plugin --with-system-zlib --disable-browser-plugin --enable-java-awt=gtk --enable-gtk-cairo --with-java-home=/usr/lib/jvm/java-1.5.0-gcj-4.8-amd64/jre --enable-java-home --with-jvm-root-dir=/usr/lib/jvm/java-1.5.0-gcj-4.8-amd64 --with-jvm-jar-dir=/usr/lib/jvm-exports/java-1.5.0-gcj-4.8-amd64 --with-arch-directory=amd64 --with-ecj-jar=/usr/share/java/eclipse-ecj.jar --enable-objc-gc --enable-multiarch --disable-werror --with-arch-32=i686 --with-abi=m64 --with-multilib-list=m32,m64,mx32 --with-tune=generic --enable-checking=release --build=x86_64-linux-gnu --host=x86_64-linux-gnu --target=x86_64-linux-gnu
Thread model: posix
gcc version 4.8.4 (Ubuntu 4.8.4-2ubuntu1~14.04.3) 
configure:3398: $? = 0
configure:3387: gcc -V >&5
gcc: error: unrecognized command line option '-V'
gcc: fatal error: no input files
compilation terminated.
configure:3398: $? = 4
configure:3387: gcc -qversion >&5
gcc: error: unrecognized command line option '-qversion'
gcc: fatal error: no input files
compilation terminated.
configure:3398: $? = 4
configure:3418: checking whether the C compiler works
configure:3440: gcc    conftest.c  >&5
configure:3444: $? = 0
configure:3492: result: yes
configure:3495: checking for C compiler default output file name
configure:3497: result: a.out
configure:3503: checking for suffix of executables
configure:3510: gcc -o conftest    conftest.c  >&5
configure:3514: $? = 0
configure:3536: result: 
configure:3558: checking whether we are cross compiling
configure:3566: gcc -o conftest    conftest.c  >&5
configure:3570: $? = 0
configure:3577: ./conftest
configure:3581: $? = 0
configure:3596: result: no
configure:3601: checking for suffix of object files
configure:3623: gcc -c   conftest.c >&5
configure:3627: $? = 0
configure:3648: result: o
configure:3652: checking whether we are using the GNU C compiler
configure:3671: gcc -c   conftest.c >&5
configure:3671: $? = 0
configure:3680: result: yes
configure:3689: checking whether gcc accepts -g
configure:3709: gcc -c -g  conftest.c >&5
configure:3709: $? = 0
configure:3750: result: yes
configure:3767: checking for gcc option to accept ISO C89
configure:3830: gcc  -c -g -O2  conftest.c >&5
configure:3830: $? = 0
configure:3843: result: none needed
configure:3868: checking whether gcc understands -c and -o together
configure:3890: gcc -c conftest.c -o conftest2.o
configure:3893: $? = 0
configure:3890: gcc -c conftest.c -o conftest2.o
configure:3893: $? = 0
configure:3905: result: yes
configure:3924: checking dependency style of gcc
configure:4035: result: gcc3
configure:4056: checking how to run the C preprocessor
configure:4087: gcc -E  conftest.c
configure:4087: $? = 0
configure:4101: gcc -E  conftest.c
conftest.c:11:28: fatal error: ac_nonexistent.h: No such file or directory
 #include <ac_nonexistent.h>
                            ^
compilation terminated.
configure:4101: $? = 1
configure: failed program was:
| /* confdefs.h */
| #define PACKAGE_NAME "pinentry"
| #define PACKAGE_TARNAME "pinentry"
| #define PACKAGE_VERSION "0.9.7"
| #define PACKAGE_STRING "pinentry 0.9.7"
| #define PACKAGE_BUGREPORT "http://bugs.gnupg.org"
| #define PACKAGE_URL ""
| #define PACKAGE "pinentry"
| #define VERSION "0.9.7"
| /* end confdefs.h.  */
| #include <ac_nonexistent.h>
configure:4126: result: gcc -E
configure:4146: gcc -E  conftest.c
configure:4146: $? = 0
configure:4160: gcc -E  conftest.c
conftest.c:11:28: fatal error: ac_nonexistent.h: No such file or directory
 #include <ac_nonexistent.h>
                            ^
compilation terminated.
configure:4160: $? = 1
configure: failed program was:
| /* confdefs.h */
| #define PACKAGE_NAME "pinentry"
| #define PACKAGE_TARNAME "pinentry"
| #define PACKAGE_VERSION "0.9.7"
| #define PACKAGE_STRING "pinentry 0.9.7"
| #define PACKAGE_BUGREPORT "http://bugs.gnupg.org"
| #define PACKAGE_URL ""
| #define PACKAGE "pinentry"
| #define VERSION "0.9.7"
| /* end confdefs.h.  */
| #include <ac_nonexistent.h>
configure:4189: checking for grep that handles long lines and -e
configure:4247: result: /bin/grep
configure:4252: checking for egrep
configure:4314: result: /bin/grep -E
configure:4319: checking for ANSI C header files
configure:4339: gcc -c -g -O2  conftest.c >&5
configure:4339: $? = 0
configure:4412: gcc -o conftest -g -O2   conftest.c  >&5
configure:4412: $? = 0
configure:4412: ./conftest
configure:4412: $? = 0
configure:4423: result: yes
configure:4436: checking for sys/types.h
configure:4436: gcc -c -g -O2  conftest.c >&5
configure:4436: $? = 0
configure:4436: result: yes
configure:4436: checking for sys/stat.h
configure:4436: gcc -c -g -O2  conftest.c >&5
configure:4436: $? = 0
configure:4436: result: yes
configure:4436: checking for stdlib.h
configure:4436: gcc -c -g -O2  conftest.c >&5
configure:4436: $? = 0
configure:4436: result: yes
configure:4436: checking for string.h
configure:4436: gcc -c -g -O2  conftest.c >&5
configure:4436: $? = 0
configure:4436: result: yes
configure:4436: checking for memory.h
configure:4436: gcc -c -g -O2  conftest.c >&5
configure:4436: $? = 0
configure:4436: result: yes
configure:4436: checking for strings.h
configure:4436: gcc -c -g -O2  conftest.c >&5
configure:4436: $? = 0
configure:4436: result: yes
configure:4436: checking for inttypes.h
configure:4436: gcc -c -g -O2  conftest.c >&5
configure:4436: $? = 0
configure:4436: result: yes
configure:4436: checking for stdint.h
configure:4436: gcc -c -g -O2  conftest.c >&5
configure:4436: $? = 0
configure:4436: result: yes
configure:4436: checking for unistd.h
configure:4436: gcc -c -g -O2  conftest.c >&5
configure:4436: $? = 0
configure:4436: result: yes
configure:4449: checking minix/config.h usability
configure:4449: gcc -c -g -O2  conftest.c >&5
conftest.c:54:26: fatal error: minix/config.h: No such file or directory
 #include <minix/config.h>
                          ^
compilation terminated.
configure:4449: $? = 1
configure: failed program was:
| /* confdefs.h */
| #define PACKAGE_NAME "pinentry"
| #define PACKAGE_TARNAME "pinentry"
| #define PACKAGE_VERSION "0.9.7"
| #define PACKAGE_STRING "pinentry 0.9.7"
| #define PACKAGE_BUGREPORT "http://bugs.gnupg.org"
| #define PACKAGE_URL ""
| #define PACKAGE "pinentry"
| #define VERSION "0.9.7"
| #define STDC_HEADERS 1
| #define HAVE_SYS_TYPES_H 1
| #define HAVE_SYS_STAT_H 1
| #define HAVE_STDLIB_H 1
| #define HAVE_STRING_H 1
| #define HAVE_MEMORY_H 1
| #define HAVE_STRINGS_H 1
| #define HAVE_INTTYPES_H 1
| #define HAVE_STDINT_H 1
| #define HAVE_UNISTD_H 1
| /* end confdefs.h.  */
| #include <stdio.h>
| #ifdef HAVE_SYS_TYPES_H
| # include <sys/types.h>
| #endif
| #ifdef HAVE_SYS_STAT_H
| # include <sys/stat.h>
| #endif
| #ifdef STDC_HEADERS
| # include <stdlib.h>
| # include <stddef.h>
| #else
| # ifdef HAVE_STDLIB_H
| #  include <stdlib.h>
| # endif
| #endif
| #ifdef HAVE_STRING_H
| # if !defined STDC_HEADERS && defined HAVE_MEMORY_H
| #  include <memory.h>
| # endif
| # include <string.h>
| #endif
| #ifdef HAVE_STRINGS_H
| # include <strings.h>
| #endif
| #ifdef HAVE_INTTYPES_H
| # include <inttypes.h>
| #endif
| #ifdef HAVE_STDINT_H
| # include <stdint.h>
| #endif
| #ifdef HAVE_UNISTD_H
| # include <unistd.h>
| #endif
| #include <minix/config.h>
configure:4449: result: no
configure:4449: checking minix/config.h presence
configure:4449: gcc -E  conftest.c
conftest.c:21:26: fatal error: minix/config.h: No such file or directory
 #include <minix/config.h>
                          ^
compilation terminated.
configure:4449: $? = 1
configure: failed program was:
| /* confdefs.h */
| #define PACKAGE_NAME "pinentry"
| #define PACKAGE_TARNAME "pinentry"
| #define PACKAGE_VERSION "0.9.7"
| #define PACKAGE_STRING "pinentry 0.9.7"
| #define PACKAGE_BUGREPORT "http://bugs.gnupg.org"
| #define PACKAGE_URL ""
| #define PACKAGE "pinentry"
| #define VERSION "0.9.7"
| #define STDC_HEADERS 1
| #define HAVE_SYS_TYPES_H 1
| #define HAVE_SYS_STAT_H 1
| #define HAVE_STDLIB_H 1
| #define HAVE_STRING_H 1
| #define HAVE_MEMORY_H 1
| #define HAVE_STRINGS_H 1
| #define HAVE_INTTYPES_H 1
| #define HAVE_STDINT_H 1
| #define HAVE_UNISTD_H 1
| /* end confdefs.h.  */
| #include <minix/config.h>
configure:4449: result: no
configure:4449: checking for minix/config.h
configure:4449: result: no
configure:4470: checking whether it is safe to define __EXTENSIONS__
configure:4488: gcc -c -g -O2  conftest.c >&5
configure:4488: $? = 0
configure:4495: result: yes
configure:4512: checking whether to enable maintainer-specific portions of Makefiles
configure:4521: result: no
configure:4539: checking build system type
configure:4553: result: x86_64-unknown-linux-gnu
configure:4573: checking host system type
configure:4586: result: x86_64-unknown-linux-gnu
configure:4612: checking whether make sets $(MAKE)
configure:4634: result: yes
configure:4643: checking whether build environment is sane
configure:4698: result: yes
configure:4774: checking for gcc
configure:4801: result: gcc
configure:5030: checking for C compiler version
configure:5039: gcc --version >&5
gcc (Ubuntu 4.8.4-2ubuntu1~14.04.3) 4.8.4
Copyright (C) 2013 Free Software Foundation, Inc.
This is free software; see the source for copying conditions.  There is NO
warranty; not even for MERCHANTABILITY or FITNESS FOR A PARTICULAR PURPOSE.

configure:5050: $? = 0
configure:5039: gcc -v >&5
Using built-in specs.
COLLECT_GCC=gcc
COLLECT_LTO_WRAPPER=/usr/lib/gcc/x86_64-linux-gnu/4.8/lto-wrapper
Target: x86_64-linux-gnu
Configured with: ../src/configure -v --with-pkgversion='Ubuntu 4.8.4-2ubuntu1~14.04.3' --with-bugurl=file:///usr/share/doc/gcc-4.8/README.Bugs --enable-languages=c,c++,java,go,d,fortran,objc,obj-c++ --prefix=/usr --program-suffix=-4.8 --enable-shared --enable-linker-build-id --libexecdir=/usr/lib --without-included-gettext --enable-threads=posix --with-gxx-include-dir=/usr/include/c++/4.8 --libdir=/usr/lib --enable-nls --with-sysroot=/ --enable-clocale=gnu --enable-libstdcxx-debug --enable-libstdcxx-time=yes --enable-gnu-unique-object --disable-libmudflap --enable-plugin --with-system-zlib --disable-browser-plugin --enable-java-awt=gtk --enable-gtk-cairo --with-java-home=/usr/lib/jvm/java-1.5.0-gcj-4.8-amd64/jre --enable-java-home --with-jvm-root-dir=/usr/lib/jvm/java-1.5.0-gcj-4.8-amd64 --with-jvm-jar-dir=/usr/lib/jvm-exports/java-1.5.0-gcj-4.8-amd64 --with-arch-directory=amd64 --with-ecj-jar=/usr/share/java/eclipse-ecj.jar --enable-objc-gc --enable-multiarch --disable-werror --with-arch-32=i686 --with-abi=m64 --with-multilib-list=m32,m64,mx32 --with-tune=generic --enable-checking=release --build=x86_64-linux-gnu --host=x86_64-linux-gnu --target=x86_64-linux-gnu
Thread model: posix
gcc version 4.8.4 (Ubuntu 4.8.4-2ubuntu1~14.04.3) 
configure:5050: $? = 0
configure:5039: gcc -V >&5
gcc: error: unrecognized command line option '-V'
gcc: fatal error: no input files
compilation terminated.
configure:5050: $? = 4
configure:5039: gcc -qversion >&5
gcc: error: unrecognized command line option '-qversion'
gcc: fatal error: no input files
compilation terminated.
configure:5050: $? = 4
configure:5054: checking whether we are using the GNU C compiler
configure:5082: result: yes
configure:5091: checking whether gcc accepts -g
configure:5152: result: yes
configure:5169: checking for gcc option to accept ISO C89
configure:5245: result: none needed
configure:5270: checking whether gcc understands -c and -o together
configure:5307: result: yes
configure:5326: checking dependency style of gcc
configure:5437: result: gcc3
configure:5457: checking how to run the C preprocessor
configure:5527: result: gcc -E
configure:5547: gcc -E  conftest.c
configure:5547: $? = 0
configure:5561: gcc -E  conftest.c
conftest.c:26:28: fatal error: ac_nonexistent.h: No such file or directory
 #include <ac_nonexistent.h>
                            ^
compilation terminated.
configure:5561: $? = 1
configure: failed program was:
| /* confdefs.h */
| #define PACKAGE_NAME "pinentry"
| #define PACKAGE_TARNAME "pinentry"
| #define PACKAGE_VERSION "0.9.7"
| #define PACKAGE_STRING "pinentry 0.9.7"
| #define PACKAGE_BUGREPORT "http://bugs.gnupg.org"
| #define PACKAGE_URL ""
| #define PACKAGE "pinentry"
| #define VERSION "0.9.7"
| #define STDC_HEADERS 1
| #define HAVE_SYS_TYPES_H 1
| #define HAVE_SYS_STAT_H 1
| #define HAVE_STDLIB_H 1
| #define HAVE_STRING_H 1
| #define HAVE_MEMORY_H 1
| #define HAVE_STRINGS_H 1
| #define HAVE_INTTYPES_H 1
| #define HAVE_STDINT_H 1
| #define HAVE_UNISTD_H 1
| #define __EXTENSIONS__ 1
| #define _ALL_SOURCE 1
| #define _GNU_SOURCE 1
| #define _POSIX_PTHREAD_SEMANTICS 1
| #define _TANDEM_SOURCE 1
| /* end confdefs.h.  */
| #include <ac_nonexistent.h>
configure:5633: checking for ranlib
configure:5649: found /usr/bin/ranlib
configure:5660: result: ranlib
configure:5742: checking for g++
configure:5758: found /usr/bin/g++
configure:5769: result: g++
configure:5796: checking for C++ compiler version
configure:5805: g++ --version >&5
g++ (Ubuntu 4.8.4-2ubuntu1~14.04.3) 4.8.4
Copyright (C) 2013 Free Software Foundation, Inc.
This is free software; see the source for copying conditions.  There is NO
warranty; not even for MERCHANTABILITY or FITNESS FOR A PARTICULAR PURPOSE.

configure:5816: $? = 0
configure:5805: g++ -v >&5
Using built-in specs.
COLLECT_GCC=g++
COLLECT_LTO_WRAPPER=/usr/lib/gcc/x86_64-linux-gnu/4.8/lto-wrapper
Target: x86_64-linux-gnu
Configured with: ../src/configure -v --with-pkgversion='Ubuntu 4.8.4-2ubuntu1~14.04.3' --with-bugurl=file:///usr/share/doc/gcc-4.8/README.Bugs --enable-languages=c,c++,java,go,d,fortran,objc,obj-c++ --prefix=/usr --program-suffix=-4.8 --enable-shared --enable-linker-build-id --libexecdir=/usr/lib --without-included-gettext --enable-threads=posix --with-gxx-include-dir=/usr/include/c++/4.8 --libdir=/usr/lib --enable-nls --with-sysroot=/ --enable-clocale=gnu --enable-libstdcxx-debug --enable-libstdcxx-time=yes --enable-gnu-unique-object --disable-libmudflap --enable-plugin --with-system-zlib --disable-browser-plugin --enable-java-awt=gtk --enable-gtk-cairo --with-java-home=/usr/lib/jvm/java-1.5.0-gcj-4.8-amd64/jre --enable-java-home --with-jvm-root-dir=/usr/lib/jvm/java-1.5.0-gcj-4.8-amd64 --with-jvm-jar-dir=/usr/lib/jvm-exports/java-1.5.0-gcj-4.8-amd64 --with-arch-directory=amd64 --with-ecj-jar=/usr/share/java/eclipse-ecj.jar --enable-objc-gc --enable-multiarch --disable-werror --with-arch-32=i686 --with-abi=m64 --with-multilib-list=m32,m64,mx32 --with-tune=generic --enable-checking=release --build=x86_64-linux-gnu --host=x86_64-linux-gnu --target=x86_64-linux-gnu
Thread model: posix
gcc version 4.8.4 (Ubuntu 4.8.4-2ubuntu1~14.04.3) 
configure:5816: $? = 0
configure:5805: g++ -V >&5
g++: error: unrecognized command line option '-V'
g++: fatal error: no input files
compilation terminated.
configure:5816: $? = 4
configure:5805: g++ -qversion >&5
g++: error: unrecognized command line option '-qversion'
g++: fatal error: no input files
compilation terminated.
configure:5816: $? = 4
configure:5820: checking whether we are using the GNU C++ compiler
configure:5839: g++ -c   conftest.cpp >&5
configure:5839: $? = 0
configure:5848: result: yes
configure:5857: checking whether g++ accepts -g
configure:5877: g++ -c -g  conftest.cpp >&5
configure:5877: $? = 0
configure:5918: result: yes
configure:5943: checking dependency style of g++
configure:6054: result: gcc3
configure:6069: checking whether ln -s works
configure:6073: result: yes
configure:6123: checking for windres
configure:6153: result: no
configure:6176: checking for gitlog-to-changelog
configure:6206: result: no
configure:6300: checking if gcc ignores unknown -Wno-* options
configure:6316: gcc -c -g -O2  conftest.c >&5
configure:6316: $? = 0
configure:6322: result: yes
configure:6428: checking if gcc supports -Wpointer-arith
configure:6443: gcc -c -Wpointer-arith  -Wall conftest.c >&5
configure:6443: $? = 0
configure:6449: result: yes
configure:6459: checking for ANSI C header files
configure:6563: result: yes
configure:6574: checking for string.h
configure:6574: result: yes
configure:6574: checking for unistd.h
configure:6574: result: yes
configure:6574: checking langinfo.h usability
configure:6574: gcc -c -g -O2 -Wall -Wno-pointer-sign -Wpointer-arith  -Wall conftest.c >&5
configure:6574: $? = 0
configure:6574: result: yes
configure:6574: checking langinfo.h presence
configure:6574: gcc -E  -Wall conftest.c
configure:6574: $? = 0
configure:6574: result: yes
configure:6574: checking for langinfo.h
configure:6574: result: yes
configure:6574: checking termio.h usability
configure:6574: gcc -c -g -O2 -Wall -Wno-pointer-sign -Wpointer-arith  -Wall conftest.c >&5
configure:6574: $? = 0
configure:6574: result: yes
configure:6574: checking termio.h presence
configure:6574: gcc -E  -Wall conftest.c
configure:6574: $? = 0
configure:6574: result: yes
configure:6574: checking for termio.h
configure:6574: result: yes
configure:6574: checking locale.h usability
configure:6574: gcc -c -g -O2 -Wall -Wno-pointer-sign -Wpointer-arith  -Wall conftest.c >&5
configure:6574: $? = 0
configure:6574: result: yes
configure:6574: checking locale.h presence
configure:6574: gcc -E  -Wall conftest.c
configure:6574: $? = 0
configure:6574: result: yes
configure:6574: checking for locale.h
configure:6574: result: yes
configure:6574: checking utime.h usability
configure:6574: gcc -c -g -O2 -Wall -Wno-pointer-sign -Wpointer-arith  -Wall conftest.c >&5
configure:6574: $? = 0
configure:6574: result: yes
configure:6574: checking utime.h presence
configure:6574: gcc -E  -Wall conftest.c
configure:6574: $? = 0
configure:6574: result: yes
configure:6574: checking for utime.h
configure:6574: result: yes
configure:6574: checking wchar.h usability
configure:6574: gcc -c -g -O2 -Wall -Wno-pointer-sign -Wpointer-arith  -Wall conftest.c >&5
configure:6574: $? = 0
configure:6574: result: yes
configure:6574: checking wchar.h presence
configure:6574: gcc -E  -Wall conftest.c
configure:6574: $? = 0
configure:6574: result: yes
configure:6574: checking for wchar.h
configure:6574: result: yes
configure:6588: checking for seteuid
configure:6588: gcc -o conftest -g -O2 -Wall -Wno-pointer-sign -Wpointer-arith  -Wall  conftest.c  >&5
configure:6588: $? = 0
configure:6588: result: yes
configure:6588: checking for stpcpy
configure:6588: gcc -o conftest -g -O2 -Wall -Wno-pointer-sign -Wpointer-arith  -Wall  conftest.c  >&5
conftest.c:58:6: warning: conflicting types for built-in function 'stpcpy' [enabled by default]
 char stpcpy ();
      ^
configure:6588: $? = 0
configure:6588: result: yes
configure:6588: checking for mmap
configure:6588: gcc -o conftest -g -O2 -Wall -Wno-pointer-sign -Wpointer-arith  -Wall  conftest.c  >&5
configure:6588: $? = 0
configure:6588: result: yes
configure:6599: checking for mlock
configure:6599: gcc -o conftest -g -O2 -Wall -Wno-pointer-sign -Wpointer-arith  -Wall  conftest.c  >&5
configure:6599: $? = 0
configure:6599: result: yes
configure:6720: checking whether mlock is broken
configure:6759: gcc -o conftest -g -O2 -Wall -Wno-pointer-sign -Wpointer-arith  -Wall  conftest.c  >&5
configure:6759: $? = 0
configure:6759: ./conftest
configure:6759: $? = 0
configure:6790: result: no
configure:6800: checking for uint32_t
configure:6800: gcc -c -g -O2 -Wall -Wno-pointer-sign -Wpointer-arith  -Wall conftest.c >&5
configure:6800: $? = 0
configure:6800: result: yes
configure:6866: checking for gpg-error-config
configure:6884: found /usr/local/bin/gpg-error-config
configure:6897: result: /usr/local/bin/gpg-error-config
configure:6906: checking for GPG Error - version >= 1.16
configure:6935: result: yes (1.24)
configure:6948: WARNING:
***
*** The config script /usr/local/bin/gpg-error-config was
*** built for x86_64-pc-linux-gnu and thus may not match the
*** used host x86_64-unknown-linux-gnu.
*** You may want to use the configure option --with-gpg-error-prefix
*** to specify a matching config script or use $SYSROOT.
***
configure:7072: checking for libassuan-config
configure:7090: found /usr/local/bin/libassuan-config
configure:7102: result: /usr/local/bin/libassuan-config
configure:7134: checking for LIBASSUAN - version >= 2.1.0
configure:7172: result: yes (2.4.3)
configure:7183: checking LIBASSUAN API version
configure:7186: result: okay
configure:7209: WARNING:
***
*** The config script /usr/local/bin/libassuan-config was
*** built for x86_64-pc-linux-gnu and thus may not match the
*** used host x86_64-unknown-linux-gnu.
*** You may want to use the configure option --with-libassuan-prefix
*** to specify a matching config script or use $SYSROOT.
***
configure:7247: checking for byte typedef
configure:7268: gcc -c -g -O2 -Wall -Wno-pointer-sign -Wpointer-arith  -Wall conftest.c >&5
conftest.c: In function 'main':
conftest.c:49:20: error: 'byte' undeclared (first use in this function)
     int a = sizeof(byte);
                    ^
conftest.c:49:20: note: each undeclared identifier is reported only once for each function it appears in
conftest.c:49:9: warning: unused variable 'a' [-Wunused-variable]
     int a = sizeof(byte);
         ^
configure:7268: $? = 1
configure: failed program was:
| /* confdefs.h */
| #define PACKAGE_NAME "pinentry"
| #define PACKAGE_TARNAME "pinentry"
| #define PACKAGE_VERSION "0.9.7"
| #define PACKAGE_STRING "pinentry 0.9.7"
| #define PACKAGE_BUGREPORT "http://bugs.gnupg.org"
| #define PACKAGE_URL ""
| #define PACKAGE "pinentry"
| #define VERSION "0.9.7"
| #define STDC_HEADERS 1
| #define HAVE_SYS_TYPES_H 1
| #define HAVE_SYS_STAT_H 1
| #define HAVE_STDLIB_H 1
| #define HAVE_STRING_H 1
| #define HAVE_MEMORY_H 1
| #define HAVE_STRINGS_H 1
| #define HAVE_INTTYPES_H 1
| #define HAVE_STDINT_H 1
| #define HAVE_UNISTD_H 1
| #define __EXTENSIONS__ 1
| #define _ALL_SOURCE 1
| #define _GNU_SOURCE 1
| #define _POSIX_PTHREAD_SEMANTICS 1
| #define _TANDEM_SOURCE 1
| #define STDC_HEADERS 1
| #define HAVE_STRING_H 1
| #define HAVE_UNISTD_H 1
| #define HAVE_LANGINFO_H 1
| #define HAVE_TERMIO_H 1
| #define HAVE_LOCALE_H 1
| #define HAVE_UTIME_H 1
| #define HAVE_WCHAR_H 1
| #define HAVE_SETEUID 1
| #define HAVE_STPCPY 1
| #define HAVE_MMAP 1
| #define HAVE_MLOCK 1
| #define GPG_ERR_ENABLE_GETTEXT_MACROS 1
| #define GPG_ERR_ENABLE_ERRNO_MACROS 1
| #define GNUPG_LIBASSUAN_VERSION ""
| /* end confdefs.h.  */
| #define _GNU_SOURCE 1
|     #include <stdlib.h>
|     #include <sys/types.h>
| int
| main ()
| {
| 
|     #undef byte
|     int a = sizeof(byte);
| 
|   ;
|   return 0;
| }
configure:7276: result: no
configure:7284: checking for ulong typedef
configure:7305: gcc -c -g -O2 -Wall -Wno-pointer-sign -Wpointer-arith  -Wall conftest.c >&5
conftest.c: In function 'main':
conftest.c:49:9: warning: unused variable 'a' [-Wunused-variable]
     int a = sizeof(ulong);
         ^
configure:7305: $? = 0
configure:7313: result: yes
configure:7332: checking for setcap
configure:7351: found /sbin/setcap
configure:7364: result: /sbin/setcap
configure:7372: checking for cap_set_proc in -lcap
configure:7397: gcc -o conftest -g -O2 -Wall -Wno-pointer-sign -Wpointer-arith  -Wall  conftest.c -lcap   >&5
/usr/bin/ld: cannot find -lcap
collect2: error: ld returned 1 exit status
configure:7397: $? = 1
configure: failed program was:
| /* confdefs.h */
| #define PACKAGE_NAME "pinentry"
| #define PACKAGE_TARNAME "pinentry"
| #define PACKAGE_VERSION "0.9.7"
| #define PACKAGE_STRING "pinentry 0.9.7"
| #define PACKAGE_BUGREPORT "http://bugs.gnupg.org"
| #define PACKAGE_URL ""
| #define PACKAGE "pinentry"
| #define VERSION "0.9.7"
| #define STDC_HEADERS 1
| #define HAVE_SYS_TYPES_H 1
| #define HAVE_SYS_STAT_H 1
| #define HAVE_STDLIB_H 1
| #define HAVE_STRING_H 1
| #define HAVE_MEMORY_H 1
| #define HAVE_STRINGS_H 1
| #define HAVE_INTTYPES_H 1
| #define HAVE_STDINT_H 1
| #define HAVE_UNISTD_H 1
| #define __EXTENSIONS__ 1
| #define _ALL_SOURCE 1
| #define _GNU_SOURCE 1
| #define _POSIX_PTHREAD_SEMANTICS 1
| #define _TANDEM_SOURCE 1
| #define STDC_HEADERS 1
| #define HAVE_STRING_H 1
| #define HAVE_UNISTD_H 1
| #define HAVE_LANGINFO_H 1
| #define HAVE_TERMIO_H 1
| #define HAVE_LOCALE_H 1
| #define HAVE_UTIME_H 1
| #define HAVE_WCHAR_H 1
| #define HAVE_SETEUID 1
| #define HAVE_STPCPY 1
| #define HAVE_MMAP 1
| #define HAVE_MLOCK 1
| #define GPG_ERR_ENABLE_GETTEXT_MACROS 1
| #define GPG_ERR_ENABLE_ERRNO_MACROS 1
| #define GNUPG_LIBASSUAN_VERSION ""
| #define HAVE_ULONG_TYPEDEF 1
| /* end confdefs.h.  */
| 
| /* Override any GCC internal prototype to avoid an error.
|    Use char because int might match the return type of a GCC
|    builtin and then its argument prototype would still apply.  */
| #ifdef __cplusplus
| extern "C"
| #endif
| char cap_set_proc ();
| int
| main ()
| {
| return cap_set_proc ();
|   ;
|   return 0;
| }
configure:7406: result: no
configure:7485: checking for pkg-config
configure:7503: found /usr/bin/pkg-config
configure:7515: result: /usr/bin/pkg-config
configure:7540: checking pkg-config is at least version 0.9.0
configure:7543: result: yes
configure:7563: checking for ncursesw
configure:7571: $PKG_CONFIG --exists --print-errors "ncursesw"
Package ncursesw was not found in the pkg-config search path.
Perhaps you should add the directory containing `ncursesw.pc'
to the PKG_CONFIG_PATH environment variable
No package 'ncursesw' found
configure:7574: $? = 1
configure:7589: $PKG_CONFIG --exists --print-errors "ncursesw"
Package ncursesw was not found in the pkg-config search path.
Perhaps you should add the directory containing `ncursesw.pc'
to the PKG_CONFIG_PATH environment variable
No package 'ncursesw' found
configure:7592: $? = 1
No package 'ncursesw' found
configure:7620: result: no
configure:7625: checking for ncurses
configure:7633: $PKG_CONFIG --exists --print-errors "ncurses"
Package ncurses was not found in the pkg-config search path.
Perhaps you should add the directory containing `ncurses.pc'
to the PKG_CONFIG_PATH environment variable
No package 'ncurses' found
configure:7636: $? = 1
configure:7651: $PKG_CONFIG --exists --print-errors "ncurses"
Package ncurses was not found in the pkg-config search path.
Perhaps you should add the directory containing `ncurses.pc'
to the PKG_CONFIG_PATH environment variable
No package 'ncurses' found
configure:7654: $? = 1
No package 'ncurses' found
configure:7682: result: no
configure:7685: checking for initscr in -lncursesw
configure:7710: gcc -o conftest -g -O2 -Wall -Wno-pointer-sign -Wpointer-arith  -Wall  conftest.c -lncursesw   >&5
/usr/bin/ld: cannot find -lncursesw
collect2: error: ld returned 1 exit status
configure:7710: $? = 1
configure: failed program was:
| /* confdefs.h */
| #define PACKAGE_NAME "pinentry"
| #define PACKAGE_TARNAME "pinentry"
| #define PACKAGE_VERSION "0.9.7"
| #define PACKAGE_STRING "pinentry 0.9.7"
| #define PACKAGE_BUGREPORT "http://bugs.gnupg.org"
| #define PACKAGE_URL ""
| #define PACKAGE "pinentry"
| #define VERSION "0.9.7"
| #define STDC_HEADERS 1
| #define HAVE_SYS_TYPES_H 1
| #define HAVE_SYS_STAT_H 1
| #define HAVE_STDLIB_H 1
| #define HAVE_STRING_H 1
| #define HAVE_MEMORY_H 1
| #define HAVE_STRINGS_H 1
| #define HAVE_INTTYPES_H 1
| #define HAVE_STDINT_H 1
| #define HAVE_UNISTD_H 1
| #define __EXTENSIONS__ 1
| #define _ALL_SOURCE 1
| #define _GNU_SOURCE 1
| #define _POSIX_PTHREAD_SEMANTICS 1
| #define _TANDEM_SOURCE 1
| #define STDC_HEADERS 1
| #define HAVE_STRING_H 1
| #define HAVE_UNISTD_H 1
| #define HAVE_LANGINFO_H 1
| #define HAVE_TERMIO_H 1
| #define HAVE_LOCALE_H 1
| #define HAVE_UTIME_H 1
| #define HAVE_WCHAR_H 1
| #define HAVE_SETEUID 1
| #define HAVE_STPCPY 1
| #define HAVE_MMAP 1
| #define HAVE_MLOCK 1
| #define GPG_ERR_ENABLE_GETTEXT_MACROS 1
| #define GPG_ERR_ENABLE_ERRNO_MACROS 1
| #define GNUPG_LIBASSUAN_VERSION ""
| #define HAVE_ULONG_TYPEDEF 1
| /* end confdefs.h.  */
| 
| /* Override any GCC internal prototype to avoid an error.
|    Use char because int might match the return type of a GCC
|    builtin and then its argument prototype would still apply.  */
| #ifdef __cplusplus
| extern "C"
| #endif
| char initscr ();
| int
| main ()
| {
| return initscr ();
|   ;
|   return 0;
| }
configure:7719: result: no
configure:7724: checking for initscr in -lncurses
configure:7749: gcc -o conftest -g -O2 -Wall -Wno-pointer-sign -Wpointer-arith  -Wall  conftest.c -lncurses   >&5
/usr/bin/ld: cannot find -lncurses
collect2: error: ld returned 1 exit status
configure:7749: $? = 1
configure: failed program was:
| /* confdefs.h */
| #define PACKAGE_NAME "pinentry"
| #define PACKAGE_TARNAME "pinentry"
| #define PACKAGE_VERSION "0.9.7"
| #define PACKAGE_STRING "pinentry 0.9.7"
| #define PACKAGE_BUGREPORT "http://bugs.gnupg.org"
| #define PACKAGE_URL ""
| #define PACKAGE "pinentry"
| #define VERSION "0.9.7"
| #define STDC_HEADERS 1
| #define HAVE_SYS_TYPES_H 1
| #define HAVE_SYS_STAT_H 1
| #define HAVE_STDLIB_H 1
| #define HAVE_STRING_H 1
| #define HAVE_MEMORY_H 1
| #define HAVE_STRINGS_H 1
| #define HAVE_INTTYPES_H 1
| #define HAVE_STDINT_H 1
| #define HAVE_UNISTD_H 1
| #define __EXTENSIONS__ 1
| #define _ALL_SOURCE 1
| #define _GNU_SOURCE 1
| #define _POSIX_PTHREAD_SEMANTICS 1
| #define _TANDEM_SOURCE 1
| #define STDC_HEADERS 1
| #define HAVE_STRING_H 1
| #define HAVE_UNISTD_H 1
| #define HAVE_LANGINFO_H 1
| #define HAVE_TERMIO_H 1
| #define HAVE_LOCALE_H 1
| #define HAVE_UTIME_H 1
| #define HAVE_WCHAR_H 1
| #define HAVE_SETEUID 1
| #define HAVE_STPCPY 1
| #define HAVE_MMAP 1
| #define HAVE_MLOCK 1
| #define GPG_ERR_ENABLE_GETTEXT_MACROS 1
| #define GPG_ERR_ENABLE_ERRNO_MACROS 1
| #define GNUPG_LIBASSUAN_VERSION ""
| #define HAVE_ULONG_TYPEDEF 1
| /* end confdefs.h.  */
| 
| /* Override any GCC internal prototype to avoid an error.
|    Use char because int might match the return type of a GCC
|    builtin and then its argument prototype would still apply.  */
| #ifdef __cplusplus
| extern "C"
| #endif
| char initscr ();
| int
| main ()
| {
| return initscr ();
|   ;
|   return 0;
| }
configure:7758: result: no
configure:8186: checking for tgetent in -lcurses
configure:8211: gcc -o conftest -g -O2 -Wall -Wno-pointer-sign -Wpointer-arith  -Wall  conftest.c -lcurses   >&5
/usr/bin/ld: cannot find -lcurses
collect2: error: ld returned 1 exit status
configure:8211: $? = 1
configure: failed program was:
| /* confdefs.h */
| #define PACKAGE_NAME "pinentry"
| #define PACKAGE_TARNAME "pinentry"
| #define PACKAGE_VERSION "0.9.7"
| #define PACKAGE_STRING "pinentry 0.9.7"
| #define PACKAGE_BUGREPORT "http://bugs.gnupg.org"
| #define PACKAGE_URL ""
| #define PACKAGE "pinentry"
| #define VERSION "0.9.7"
| #define STDC_HEADERS 1
| #define HAVE_SYS_TYPES_H 1
| #define HAVE_SYS_STAT_H 1
| #define HAVE_STDLIB_H 1
| #define HAVE_STRING_H 1
| #define HAVE_MEMORY_H 1
| #define HAVE_STRINGS_H 1
| #define HAVE_INTTYPES_H 1
| #define HAVE_STDINT_H 1
| #define HAVE_UNISTD_H 1
| #define __EXTENSIONS__ 1
| #define _ALL_SOURCE 1
| #define _GNU_SOURCE 1
| #define _POSIX_PTHREAD_SEMANTICS 1
| #define _TANDEM_SOURCE 1
| #define STDC_HEADERS 1
| #define HAVE_STRING_H 1
| #define HAVE_UNISTD_H 1
| #define HAVE_LANGINFO_H 1
| #define HAVE_TERMIO_H 1
| #define HAVE_LOCALE_H 1
| #define HAVE_UTIME_H 1
| #define HAVE_WCHAR_H 1
| #define HAVE_SETEUID 1
| #define HAVE_STPCPY 1
| #define HAVE_MMAP 1
| #define HAVE_MLOCK 1
| #define GPG_ERR_ENABLE_GETTEXT_MACROS 1
| #define GPG_ERR_ENABLE_ERRNO_MACROS 1
| #define GNUPG_LIBASSUAN_VERSION ""
| #define HAVE_ULONG_TYPEDEF 1
| /* end confdefs.h.  */
| 
| /* Override any GCC internal prototype to avoid an error.
|    Use char because int might match the return type of a GCC
|    builtin and then its argument prototype would still apply.  */
| #ifdef __cplusplus
| extern "C"
| #endif
| char tgetent ();
| int
| main ()
| {
| return tgetent ();
|   ;
|   return 0;
| }
configure:8220: result: no
configure:8227: checking for tgetent in -ltermcap
configure:8252: gcc -o conftest -g -O2 -Wall -Wno-pointer-sign -Wpointer-arith  -Wall  conftest.c -ltermcap   >&5
/usr/bin/ld: cannot find -ltermcap
collect2: error: ld returned 1 exit status
configure:8252: $? = 1
configure: failed program was:
| /* confdefs.h */
| #define PACKAGE_NAME "pinentry"
| #define PACKAGE_TARNAME "pinentry"
| #define PACKAGE_VERSION "0.9.7"
| #define PACKAGE_STRING "pinentry 0.9.7"
| #define PACKAGE_BUGREPORT "http://bugs.gnupg.org"
| #define PACKAGE_URL ""
| #define PACKAGE "pinentry"
| #define VERSION "0.9.7"
| #define STDC_HEADERS 1
| #define HAVE_SYS_TYPES_H 1
| #define HAVE_SYS_STAT_H 1
| #define HAVE_STDLIB_H 1
| #define HAVE_STRING_H 1
| #define HAVE_MEMORY_H 1
| #define HAVE_STRINGS_H 1
| #define HAVE_INTTYPES_H 1
| #define HAVE_STDINT_H 1
| #define HAVE_UNISTD_H 1
| #define __EXTENSIONS__ 1
| #define _ALL_SOURCE 1
| #define _GNU_SOURCE 1
| #define _POSIX_PTHREAD_SEMANTICS 1
| #define _TANDEM_SOURCE 1
| #define STDC_HEADERS 1
| #define HAVE_STRING_H 1
| #define HAVE_UNISTD_H 1
| #define HAVE_LANGINFO_H 1
| #define HAVE_TERMIO_H 1
| #define HAVE_LOCALE_H 1
| #define HAVE_UTIME_H 1
| #define HAVE_WCHAR_H 1
| #define HAVE_SETEUID 1
| #define HAVE_STPCPY 1
| #define HAVE_MMAP 1
| #define HAVE_MLOCK 1
| #define GPG_ERR_ENABLE_GETTEXT_MACROS 1
| #define GPG_ERR_ENABLE_ERRNO_MACROS 1
| #define GNUPG_LIBASSUAN_VERSION ""
| #define HAVE_ULONG_TYPEDEF 1
| /* end confdefs.h.  */
| 
| /* Override any GCC internal prototype to avoid an error.
|    Use char because int might match the return type of a GCC
|    builtin and then its argument prototype would still apply.  */
| #ifdef __cplusplus
| extern "C"
| #endif
| char tgetent ();
| int
| main ()
| {
| return tgetent ();
|   ;
|   return 0;
| }
configure:8261: result: no
configure:8269: checking for tgetent in -ltermlib
configure:8294: gcc -o conftest -g -O2 -Wall -Wno-pointer-sign -Wpointer-arith  -Wall  conftest.c -ltermlib   >&5
/usr/bin/ld: cannot find -ltermlib
collect2: error: ld returned 1 exit status
configure:8294: $? = 1
configure: failed program was:
| /* confdefs.h */
| #define PACKAGE_NAME "pinentry"
| #define PACKAGE_TARNAME "pinentry"
| #define PACKAGE_VERSION "0.9.7"
| #define PACKAGE_STRING "pinentry 0.9.7"
| #define PACKAGE_BUGREPORT "http://bugs.gnupg.org"
| #define PACKAGE_URL ""
| #define PACKAGE "pinentry"
| #define VERSION "0.9.7"
| #define STDC_HEADERS 1
| #define HAVE_SYS_TYPES_H 1
| #define HAVE_SYS_STAT_H 1
| #define HAVE_STDLIB_H 1
| #define HAVE_STRING_H 1
| #define HAVE_MEMORY_H 1
| #define HAVE_STRINGS_H 1
| #define HAVE_INTTYPES_H 1
| #define HAVE_STDINT_H 1
| #define HAVE_UNISTD_H 1
| #define __EXTENSIONS__ 1
| #define _ALL_SOURCE 1
| #define _GNU_SOURCE 1
| #define _POSIX_PTHREAD_SEMANTICS 1
| #define _TANDEM_SOURCE 1
| #define STDC_HEADERS 1
| #define HAVE_STRING_H 1
| #define HAVE_UNISTD_H 1
| #define HAVE_LANGINFO_H 1
| #define HAVE_TERMIO_H 1
| #define HAVE_LOCALE_H 1
| #define HAVE_UTIME_H 1
| #define HAVE_WCHAR_H 1
| #define HAVE_SETEUID 1
| #define HAVE_STPCPY 1
| #define HAVE_MMAP 1
| #define HAVE_MLOCK 1
| #define GPG_ERR_ENABLE_GETTEXT_MACROS 1
| #define GPG_ERR_ENABLE_ERRNO_MACROS 1
| #define GNUPG_LIBASSUAN_VERSION ""
| #define HAVE_ULONG_TYPEDEF 1
| /* end confdefs.h.  */
| 
| /* Override any GCC internal prototype to avoid an error.
|    Use char because int might match the return type of a GCC
|    builtin and then its argument prototype would still apply.  */
| #ifdef __cplusplus
| extern "C"
| #endif
| char tgetent ();
| int
| main ()
| {
| return tgetent ();
|   ;
|   return 0;
| }
configure:8303: result: no
configure:8320: checking for initscr in -lcurses
configure:8345: gcc -o conftest -g -O2 -Wall -Wno-pointer-sign -Wpointer-arith  -Wall  conftest.c -lcurses   >&5
/usr/bin/ld: cannot find -lcurses
collect2: error: ld returned 1 exit status
configure:8345: $? = 1
configure: failed program was:
| /* confdefs.h */
| #define PACKAGE_NAME "pinentry"
| #define PACKAGE_TARNAME "pinentry"
| #define PACKAGE_VERSION "0.9.7"
| #define PACKAGE_STRING "pinentry 0.9.7"
| #define PACKAGE_BUGREPORT "http://bugs.gnupg.org"
| #define PACKAGE_URL ""
| #define PACKAGE "pinentry"
| #define VERSION "0.9.7"
| #define STDC_HEADERS 1
| #define HAVE_SYS_TYPES_H 1
| #define HAVE_SYS_STAT_H 1
| #define HAVE_STDLIB_H 1
| #define HAVE_STRING_H 1
| #define HAVE_MEMORY_H 1
| #define HAVE_STRINGS_H 1
| #define HAVE_INTTYPES_H 1
| #define HAVE_STDINT_H 1
| #define HAVE_UNISTD_H 1
| #define __EXTENSIONS__ 1
| #define _ALL_SOURCE 1
| #define _GNU_SOURCE 1
| #define _POSIX_PTHREAD_SEMANTICS 1
| #define _TANDEM_SOURCE 1
| #define STDC_HEADERS 1
| #define HAVE_STRING_H 1
| #define HAVE_UNISTD_H 1
| #define HAVE_LANGINFO_H 1
| #define HAVE_TERMIO_H 1
| #define HAVE_LOCALE_H 1
| #define HAVE_UTIME_H 1
| #define HAVE_WCHAR_H 1
| #define HAVE_SETEUID 1
| #define HAVE_STPCPY 1
| #define HAVE_MMAP 1
| #define HAVE_MLOCK 1
| #define GPG_ERR_ENABLE_GETTEXT_MACROS 1
| #define GPG_ERR_ENABLE_ERRNO_MACROS 1
| #define GNUPG_LIBASSUAN_VERSION ""
| #define HAVE_ULONG_TYPEDEF 1
| /* end confdefs.h.  */
| 
| /* Override any GCC internal prototype to avoid an error.
|    Use char because int might match the return type of a GCC
|    builtin and then its argument prototype would still apply.  */
| #ifdef __cplusplus
| extern "C"
| #endif
| char initscr ();
| int
| main ()
| {
| return initscr ();
|   ;
|   return 0;
| }
configure:8354: result: no
configure:9352: checking if Unix domain socket is supported
configure:9368: gcc -c -g -O2 -Wall -Wno-pointer-sign -Wpointer-arith  -Wall conftest.c >&5
conftest.c: In function 'main':
conftest.c:49:5: warning: unused variable 's' [-Wunused-variable]
 int s = socket (AF_UNIX, SOCK_STREAM, 0);
     ^
configure:9368: $? = 0
configure:9374: result: yes
configure:9450: checking for pkg-config
configure:9481: result: /usr/bin/pkg-config
configure:9496: checking for gtk+-2
configure:9507: result: yes
configure:9509: checking gtk+-2 version >= 2.4.0
configure:9512: result: 2.24.23
configure:9546: checking for gcr
configure:9550: result: no
configure:9552: WARNING: pkg-config could not find the module gcr-3,gcr-base-3
configure:9589: checking for pkg-config
configure:9620: result: /usr/bin/pkg-config
configure:9642: checking for libsecret
configure:9646: result: no
configure:9648: WARNING: pkg-config could not find the modules libsecret-1
configure:9700: checking for Qt5Core >= 5.0.0 Qt5Gui >= 5.0.0 Qt5Widgets >= 5.0.0
configure:9708: $PKG_CONFIG --exists --print-errors "Qt5Core >= 5.0.0 Qt5Gui >= 5.0.0 Qt5Widgets >= 5.0.0"
Package Qt5Core was not found in the pkg-config search path.
Perhaps you should add the directory containing `Qt5Core.pc'
to the PKG_CONFIG_PATH environment variable
No package 'Qt5Core' found
Package Qt5Gui was not found in the pkg-config search path.
Perhaps you should add the directory containing `Qt5Gui.pc'
to the PKG_CONFIG_PATH environment variable
No package 'Qt5Gui' found
Package Qt5Widgets was not found in the pkg-config search path.
Perhaps you should add the directory containing `Qt5Widgets.pc'
to the PKG_CONFIG_PATH environment variable
No package 'Qt5Widgets' found
configure:9711: $? = 1
configure:9726: $PKG_CONFIG --exists --print-errors "Qt5Core >= 5.0.0 Qt5Gui >= 5.0.0 Qt5Widgets >= 5.0.0"
Package Qt5Core was not found in the pkg-config search path.
Perhaps you should add the directory containing `Qt5Core.pc'
to the PKG_CONFIG_PATH environment variable
No package 'Qt5Core' found
Package Qt5Gui was not found in the pkg-config search path.
Perhaps you should add the directory containing `Qt5Gui.pc'
to the PKG_CONFIG_PATH environment variable
No package 'Qt5Gui' found
Package Qt5Widgets was not found in the pkg-config search path.
Perhaps you should add the directory containing `Qt5Widgets.pc'
to the PKG_CONFIG_PATH environment variable
No package 'Qt5Widgets' found
configure:9729: $? = 1
No package 'Qt5Core' found
No package 'Qt5Gui' found
No package 'Qt5Widgets' found
configure:9757: result: no
configure:10079: checking for QtCore >= 4.4.0 QtGui >= 4.4.0
configure:10087: $PKG_CONFIG --exists --print-errors "QtCore >= 4.4.0 QtGui >= 4.4.0"
Package QtCore was not found in the pkg-config search path.
Perhaps you should add the directory containing `QtCore.pc'
to the PKG_CONFIG_PATH environment variable
No package 'QtCore' found
Package QtGui was not found in the pkg-config search path.
Perhaps you should add the directory containing `QtGui.pc'
to the PKG_CONFIG_PATH environment variable
No package 'QtGui' found
configure:10090: $? = 1
configure:10105: $PKG_CONFIG --exists --print-errors "QtCore >= 4.4.0 QtGui >= 4.4.0"
Package QtCore was not found in the pkg-config search path.
Perhaps you should add the directory containing `QtCore.pc'
to the PKG_CONFIG_PATH environment variable
No package 'QtCore' found
Package QtGui was not found in the pkg-config search path.
Perhaps you should add the directory containing `QtGui.pc'
to the PKG_CONFIG_PATH environment variable
No package 'QtGui' found
configure:10108: $? = 1
No package 'QtCore' found
No package 'QtGui' found
configure:10136: result: no
configure:10614: checking that generated files are newer than configure
configure:10620: result: done
configure:10642: checking that generated files are newer than configure
configure:10648: result: done
configure:10723: creating ./config.status

## ---------------------- ##
## Running config.status. ##
## ---------------------- ##

This file was extended by pinentry config.status 0.9.7, which was
generated by GNU Autoconf 2.69.  Invocation command line was

  CONFIG_FILES    = 
  CONFIG_HEADERS  = 
  CONFIG_LINKS    = 
  CONFIG_COMMANDS = 
  $ ./config.status 

on ubuntu

config.status:970: creating m4/Makefile
config.status:970: creating secmem/Makefile
config.status:970: creating pinentry/Makefile
config.status:970: creating curses/Makefile
config.status:970: creating tty/Makefile
config.status:970: creating emacs/Makefile
config.status:970: creating gtk+-2/Makefile
config.status:970: creating gnome3/Makefile
config.status:970: creating qt/Makefile
config.status:970: creating w32/Makefile
config.status:970: creating doc/Makefile
config.status:970: creating Makefile
config.status:970: creating config.h
config.status:1199: executing depfiles commands
configure:12072:

	Pinentry v0.9.7 has been configured as follows:

	Revision:  97b6ea5  (38838)
	Platform:  x86_64-unknown-linux-gnu

	Curses Pinentry ..: no
	TTY Pinentry .....: maybe
	Emacs Pinentry ...: no
	GTK+-2 Pinentry ..: yes
	GNOME 3 Pinentry .: no
	Qt Pinentry ......: no 
	W32 Pinentry .....: no

	Fallback to Curses: no
	Emacs integration : yes

	libsecret ........: no

	Default Pinentry .: pinentry-gtk-2


## ---------------- ##
## Cache variables. ##
## ---------------- ##

ac_cv_build=x86_64-unknown-linux-gnu
ac_cv_c_compiler_gnu=yes
ac_cv_c_uint32_t=yes
ac_cv_cxx_compiler_gnu=yes
ac_cv_env_CCC_set=
ac_cv_env_CCC_value=
ac_cv_env_CC_set=
ac_cv_env_CC_value=
ac_cv_env_CFLAGS_set=
ac_cv_env_CFLAGS_value=
ac_cv_env_CPPFLAGS_set=
ac_cv_env_CPPFLAGS_value=
ac_cv_env_CPP_set=
ac_cv_env_CPP_value=
ac_cv_env_CXXFLAGS_set=
ac_cv_env_CXXFLAGS_value=
ac_cv_env_CXX_set=
ac_cv_env_CXX_value=
ac_cv_env_LDFLAGS_set=
ac_cv_env_LDFLAGS_value=
ac_cv_env_LIBS_set=
ac_cv_env_LIBS_value=
ac_cv_env_NCURSES_CFLAGS_set=
ac_cv_env_NCURSES_CFLAGS_value=
ac_cv_env_NCURSES_LIBS_set=
ac_cv_env_NCURSES_LIBS_value=
ac_cv_env_PINENTRY_QT_CFLAGS_set=
ac_cv_env_PINENTRY_QT_CFLAGS_value=
ac_cv_env_PINENTRY_QT_LIBS_set=
ac_cv_env_PINENTRY_QT_LIBS_value=
ac_cv_env_PKG_CONFIG_set=
ac_cv_env_PKG_CONFIG_value=
ac_cv_env_build_alias_set=
ac_cv_env_build_alias_value=
ac_cv_env_host_alias_set=
ac_cv_env_host_alias_value=
ac_cv_env_target_alias_set=
ac_cv_env_target_alias_value=
ac_cv_func_mlock=yes
ac_cv_func_mmap=yes
ac_cv_func_seteuid=yes
ac_cv_func_stpcpy=yes
ac_cv_header_inttypes_h=yes
ac_cv_header_langinfo_h=yes
ac_cv_header_locale_h=yes
ac_cv_header_memory_h=yes
ac_cv_header_minix_config_h=no
ac_cv_header_stdc=yes
ac_cv_header_stdint_h=yes
ac_cv_header_stdlib_h=yes
ac_cv_header_string_h=yes
ac_cv_header_strings_h=yes
ac_cv_header_sys_stat_h=yes
ac_cv_header_sys_types_h=yes
ac_cv_header_termio_h=yes
ac_cv_header_unistd_h=yes
ac_cv_header_utime_h=yes
ac_cv_header_wchar_h=yes
ac_cv_host=x86_64-unknown-linux-gnu
ac_cv_lib_cap_cap_set_proc=no
ac_cv_lib_curses_initscr=no
ac_cv_lib_curses_tgetent=no
ac_cv_lib_ncurses_initscr=no
ac_cv_lib_ncursesw_initscr=no
ac_cv_lib_termcap_tgetent=no
ac_cv_lib_termlib_tgetent=no
ac_cv_objext=o
ac_cv_path_EGREP='/bin/grep -E'
ac_cv_path_GPG_ERROR_CONFIG=/usr/local/bin/gpg-error-config
ac_cv_path_GREP=/bin/grep
ac_cv_path_PKG_CONFIG=/usr/bin/pkg-config
ac_cv_path_SETCAP=/sbin/setcap
ac_cv_path_ac_pt_LIBASSUAN_CONFIG=/usr/local/bin/libassuan-config
ac_cv_path_ac_pt_PKG_CONFIG=/usr/bin/pkg-config
ac_cv_path_install='/usr/bin/install -c'
ac_cv_path_mkdir=/bin/mkdir
ac_cv_prog_AWK=mawk
ac_cv_prog_CPP='gcc -E'
ac_cv_prog_ac_ct_CC=gcc
ac_cv_prog_ac_ct_CXX=g++
ac_cv_prog_ac_ct_RANLIB=ranlib
ac_cv_prog_cc_c89=
ac_cv_prog_cc_g=yes
ac_cv_prog_cxx_g=yes
ac_cv_prog_make_make_set=yes
ac_cv_safe_to_define___extensions__=yes
am_cv_CC_dependencies_compiler_type=gcc3
am_cv_CXX_dependencies_compiler_type=gcc3
am_cv_make_support_nested_variables=yes
am_cv_prog_cc_c_o=yes
gnupg_cv_have_broken_mlock=no
gnupg_cv_typedef_byte=no
gnupg_cv_typedef_ulong=yes

## ----------------- ##
## Output variables. ##
## ----------------- ##

ACLOCAL='${SHELL} /home/parallels/Documents/pinentry-0.9.7/build-aux/missing aclocal-1.14'
AMDEPBACKSLASH='\'
AMDEP_FALSE='#'
AMDEP_TRUE=''
AMTAR='$${TAR-tar}'
AM_BACKSLASH='\'
AM_DEFAULT_V='$(AM_DEFAULT_VERBOSITY)'
AM_DEFAULT_VERBOSITY='1'
AM_V='$(V)'
AUTOCONF='${SHELL} /home/parallels/Documents/pinentry-0.9.7/build-aux/missing autoconf'
AUTOHEADER='${SHELL} /home/parallels/Documents/pinentry-0.9.7/build-aux/missing autoheader'
AUTOMAKE='${SHELL} /home/parallels/Documents/pinentry-0.9.7/build-aux/missing automake-1.14'
AWK='mawk'
BUILD_LIBPINENTRY_CURSES_FALSE=''
BUILD_LIBPINENTRY_CURSES_TRUE='#'
BUILD_LIBPINENTRY_EMACS_FALSE='#'
BUILD_LIBPINENTRY_EMACS_TRUE=''
BUILD_PINENTRY_CURSES_FALSE=''
BUILD_PINENTRY_CURSES_TRUE='#'
BUILD_PINENTRY_EMACS_FALSE=''
BUILD_PINENTRY_EMACS_TRUE='#'
BUILD_PINENTRY_GNOME_3_FALSE=''
BUILD_PINENTRY_GNOME_3_TRUE='#'
BUILD_PINENTRY_GTK_2_FALSE='#'
BUILD_PINENTRY_GTK_2_TRUE=''
BUILD_PINENTRY_QT_FALSE=''
BUILD_PINENTRY_QT_TRUE='#'
BUILD_PINENTRY_TTY_FALSE=''
BUILD_PINENTRY_TTY_TRUE='#'
BUILD_PINENTRY_W32_FALSE=''
BUILD_PINENTRY_W32_TRUE='#'
BUILD_WITH_LIBSECRET_FALSE=''
BUILD_WITH_LIBSECRET_TRUE='#'
CC='gcc'
CCDEPMODE='depmode=gcc3'
CFLAGS='-g -O2 -Wall -Wno-pointer-sign -Wpointer-arith'
COMMON_CFLAGS='-I/usr/local/include -I/usr/local/include '
COMMON_LIBS='-lassuan -L/usr/local/lib -lgpg-error -L/usr/local/lib -lgpg-error '
CPP='gcc -E'
CPPFLAGS=' -Wall'
CXX='g++'
CXXDEPMODE='depmode=gcc3'
CXXFLAGS='-g -O2'
CYGPATH_W='echo'
DEFS='-DHAVE_CONFIG_H'
DEPDIR='.deps'
ECHO_C=''
ECHO_N='-n'
ECHO_T=''
EGREP='/bin/grep -E'
EXEEXT=''
FALLBACK_CURSES_FALSE=''
FALLBACK_CURSES_TRUE='#'
GITLOG_TO_CHANGELOG='build-aux/gitlog-to-changelog'
GNOME3CFLAGS=''
GNOME3LIBS=''
GPG_ERROR_CFLAGS='-I/usr/local/include'
GPG_ERROR_CONFIG='/usr/local/bin/gpg-error-config'
GPG_ERROR_LIBS='-L/usr/local/lib -lgpg-error'
GPG_ERROR_MT_CFLAGS='-I/usr/local/include'
GPG_ERROR_MT_LIBS='-L/usr/local/lib -lgpg-error -lpthread'
GREP='/bin/grep'
GTK2CFLAGS='-pthread -I/usr/include/gtk-2.0 -I/usr/lib/x86_64-linux-gnu/gtk-2.0/include -I/usr/include/atk-1.0 -I/usr/include/cairo -I/usr/include/gdk-pixbuf-2.0 -I/usr/include/pango-1.0 -I/usr/include/gio-unix-2.0/ -I/usr/include/freetype2 -I/usr/include/glib-2.0 -I/usr/lib/x86_64-linux-gnu/glib-2.0/include -I/usr/include/pixman-1 -I/usr/include/libpng12 -I/usr/include/harfbuzz  '
GTK2LIBS='-lgtk-x11-2.0 -lgdk-x11-2.0 -latk-1.0 -lgio-2.0 -lpangoft2-1.0 -lpangocairo-1.0 -lgdk_pixbuf-2.0 -lcairo -lpango-1.0 -lfontconfig -lgobject-2.0 -lglib-2.0 -lfreetype  '
HAVE_DOSISH_SYSTEM_FALSE=''
HAVE_DOSISH_SYSTEM_TRUE='#'
HAVE_W32CE_SYSTEM_FALSE=''
HAVE_W32CE_SYSTEM_TRUE='#'
HAVE_W32_SYSTEM_FALSE=''
HAVE_W32_SYSTEM_TRUE='#'
INSIDE_EMACS_FALSE='#'
INSIDE_EMACS_TRUE=''
INSTALL_DATA='${INSTALL} -m 644'
INSTALL_PROGRAM='${INSTALL}'
INSTALL_SCRIPT='${INSTALL}'
INSTALL_STRIP_PROGRAM='$(install_sh) -c -s'
LDFLAGS=''
LIBASSUAN_CFLAGS='-I/usr/local/include'
LIBASSUAN_CONFIG='/usr/local/bin/libassuan-config'
LIBASSUAN_LIBS='-lassuan -L/usr/local/lib -lgpg-error'
LIBCAP=''
LIBCURSES=''
LIBICONV=''
LIBNCURSES=''
LIBOBJS=''
LIBS=''
LIBTERMCAP=''
LN_S='ln -s'
LTLIBICONV=''
LTLIBOBJS=''
MAINT='#'
MAINTAINER_MODE_FALSE=''
MAINTAINER_MODE_TRUE='#'
MAKEINFO='${SHELL} /home/parallels/Documents/pinentry-0.9.7/build-aux/missing makeinfo'
MKDIR_P='/bin/mkdir -p'
MOC2=''
MOC=''
NCURSES_CFLAGS=''
NCURSES_INCLUDE=''
NCURSES_LIBS=''
OBJEXT='o'
PACKAGE='pinentry'
PACKAGE_BUGREPORT='http://bugs.gnupg.org'
PACKAGE_NAME='pinentry'
PACKAGE_STRING='pinentry 0.9.7'
PACKAGE_TARNAME='pinentry'
PACKAGE_URL=''
PACKAGE_VERSION='0.9.7'
PATH_SEPARATOR=':'
PINENTRY_DEFAULT='pinentry-gtk-2'
PINENTRY_QT_CFLAGS=''
PINENTRY_QT_LIBS=''
PKG_CONFIG='/usr/bin/pkg-config'
QTCHOOSER=''
RANLIB='ranlib'
SETCAP='/sbin/setcap'
SET_MAKE=''
SHELL='/bin/bash'
STRIP=''
VERSION='0.9.7'
WINDRES=':'
ac_ct_CC='gcc'
ac_ct_CXX='g++'
am__EXEEXT_FALSE=''
am__EXEEXT_TRUE='#'
am__fastdepCC_FALSE='#'
am__fastdepCC_TRUE=''
am__fastdepCXX_FALSE='#'
am__fastdepCXX_TRUE=''
am__include='include'
am__isrc=''
am__leading_dot='.'
am__nodep='_no'
am__quote=''
am__tar='$${TAR-tar} chof - "$$tardir"'
am__untar='$${TAR-tar} xf -'
bindir='${exec_prefix}/bin'
build='x86_64-unknown-linux-gnu'
build_alias=''
build_cpu='x86_64'
build_os='linux-gnu'
build_vendor='unknown'
datadir='${datarootdir}'
datarootdir='${prefix}/share'
docdir='${datarootdir}/doc/${PACKAGE_TARNAME}'
dvidir='${docdir}'
exec_prefix='${prefix}'
host='x86_64-unknown-linux-gnu'
host_alias=''
host_cpu='x86_64'
host_os='linux-gnu'
host_vendor='unknown'
htmldir='${docdir}'
includedir='${prefix}/include'
infodir='${datarootdir}/info'
install_sh='${SHELL} /home/parallels/Documents/pinentry-0.9.7/build-aux/install-sh'
libdir='${exec_prefix}/lib'
libexecdir='${exec_prefix}/libexec'
localedir='${datarootdir}/locale'
localstatedir='${prefix}/var'
mandir='${datarootdir}/man'
mkdir_p='$(MKDIR_P)'
oldincludedir='/usr/include'
pdfdir='${docdir}'
prefix='/usr'
program_transform_name='s,x,x,'
psdir='${docdir}'
sbindir='${exec_prefix}/sbin'
sharedstatedir='${prefix}/com'
sysconfdir='${prefix}/etc'
target_alias=''

## ----------- ##
## confdefs.h. ##
## ----------- ##

/* confdefs.h */
#define PACKAGE_NAME "pinentry"
#define PACKAGE_TARNAME "pinentry"
#define PACKAGE_VERSION "0.9.7"
#define PACKAGE_STRING "pinentry 0.9.7"
#define PACKAGE_BUGREPORT "http://bugs.gnupg.org"
#define PACKAGE_URL ""
#define PACKAGE "pinentry"
#define VERSION "0.9.7"
#define STDC_HEADERS 1
#define HAVE_SYS_TYPES_H 1
#define HAVE_SYS_STAT_H 1
#define HAVE_STDLIB_H 1
#define HAVE_STRING_H 1
#define HAVE_MEMORY_H 1
#define HAVE_STRINGS_H 1
#define HAVE_INTTYPES_H 1
#define HAVE_STDINT_H 1
#define HAVE_UNISTD_H 1
#define __EXTENSIONS__ 1
#define _ALL_SOURCE 1
#define _GNU_SOURCE 1
#define _POSIX_PTHREAD_SEMANTICS 1
#define _TANDEM_SOURCE 1
#define STDC_HEADERS 1
#define HAVE_STRING_H 1
#define HAVE_UNISTD_H 1
#define HAVE_LANGINFO_H 1
#define HAVE_TERMIO_H 1
#define HAVE_LOCALE_H 1
#define HAVE_UTIME_H 1
#define HAVE_WCHAR_H 1
#define HAVE_SETEUID 1
#define HAVE_STPCPY 1
#define HAVE_MMAP 1
#define HAVE_MLOCK 1
#define GPG_ERR_ENABLE_GETTEXT_MACROS 1
#define GPG_ERR_ENABLE_ERRNO_MACROS 1
#define GNUPG_LIBASSUAN_VERSION ""
#define HAVE_ULONG_TYPEDEF 1
#define INSIDE_EMACS 1

configure: exit 0
